<?xml version="1.0" encoding="UTF-8"?>
<testsuite xmlns:xsi="http://www.w3.org/2001/XMLSchema-instance" xsi:noNamespaceSchemaLocation="https://maven.apache.org/surefire/maven-surefire-plugin/xsd/surefire-test-report.xsd" name="examples.ExamplesTest" time="3.372" tests="1" errors="0" skipped="0" failures="1">
  <properties>
[...]
</properties>
  <testcase name="testParallel" classname="examples.ExamplesTest" time="3.366">
    <failure message="match failed: EQUALS&#10;  $ | not equal | actual does not contain key - &apos;name&apos; (MAP:MAP)&#10;  {&quot;id&quot;:&quot;368&quot;,&quot;createdAt&quot;:&quot;2022-05-17T03:30:42.989Z&quot;}&#10;  {&quot;id&quot;:&quot;#string&quot;,&quot;createdAt&quot;:&quot;#ignore&quot;,&quot;name&quot;:&quot;Uup&quot;,&quot;job&quot;:&quot;teacher&quot;}&#10;&#10;&#10;classpath:examples/users/post.feature:54 ==&gt; expected: &lt;0&gt; but was: &lt;1&gt;" type="org.opentest4j.AssertionFailedError"><![CDATA[org.opentest4j.AssertionFailedError: 
match failed: EQUALS
  $ | not equal | actual does not contain key - 'name' (MAP:MAP)
  {"id":"368","createdAt":"2022-05-17T03:30:42.989Z"}
  {"id":"#string","createdAt":"#ignore","name":"Uup","job":"teacher"}


classpath:examples/users/post.feature:54 ==> expected: <0> but was: <1>
	at examples.ExamplesTest.testParallel(ExamplesTest.java:15)
]]></failure>
    <system-out><![CDATA[10:30:40.881 [main] DEBUG com.intuit.karate.Suite - [config] classpath:karate-config.js
10:30:40.888 [main] DEBUG com.intuit.karate.Suite - waiting for 2 features to complete
10:30:41.561 [pool-1-thread-5] INFO  com.intuit.karate - karate.env system property was: null 
10:30:41.561 [pool-1-thread-1] INFO  com.intuit.karate - karate.env system property was: null 
10:30:41.561 [pool-1-thread-4] INFO  com.intuit.karate - karate.env system property was: null 
10:30:41.561 [pool-1-thread-2] INFO  com.intuit.karate - karate.env system property was: null 
10:30:41.561 [pool-1-thread-3] INFO  com.intuit.karate - karate.env system property was: null 
10:30:41.842 [pool-1-thread-5] DEBUG com.intuit.karate - request:
1 > POST https://reqres.in/api/users
1 > Accept: application/json
1 > Content-Type: application/json; charset=UTF-8
1 > Content-Length: 30
1 > Host: reqres.in
1 > Connection: Keep-Alive
1 > User-Agent: Apache-HttpClient/4.5.13 (Java/18)
1 > Accept-Encoding: gzip,deflate
{"name":"Uup","job":"teacher"}

10:30:41.842 [pool-1-thread-4] DEBUG com.intuit.karate - request:
1 > POST https://reqres.in/api/users
1 > Accept: application/json
1 > Content-Type: application/json; charset=UTF-8
1 > Content-Length: 30
1 > Host: reqres.in
1 > Connection: Keep-Alive
1 > User-Agent: Apache-HttpClient/4.5.13 (Java/18)
1 > Accept-Encoding: gzip,deflate
{"name":"Uup","job":"teacher"}

10:30:41.842 [pool-1-thread-1] DEBUG com.intuit.karate - request:
1 > POST https://reqres.in/api/users
1 > Accept: application/json
1 > Content-Type: application/json; charset=UTF-8
1 > Content-Length: 34
1 > Host: reqres.in
1 > Connection: Keep-Alive
1 > User-Agent: Apache-HttpClient/4.5.13 (Java/18)
1 > Accept-Encoding: gzip,deflate
{"name":"morpheus","job":"leader"}

10:30:41.842 [pool-1-thread-3] DEBUG com.intuit.karate - request:
1 > POST https://reqres.in/api/users
1 > Accept: application/json
1 > Content-Type: application/json; charset=UTF-8
1 > Content-Length: 30
1 > Host: reqres.in
1 > Connection: Keep-Alive
1 > User-Agent: Apache-HttpClient/4.5.13 (Java/18)
1 > Accept-Encoding: gzip,deflate
{"name":"Uup","job":"teacher"}

10:30:41.842 [pool-1-thread-2] DEBUG com.intuit.karate - request:
1 > POST https://reqres.in/api/users
1 > Accept: application/json
1 > Content-Type: application/json; charset=UTF-8
1 > Content-Length: 34
1 > Host: reqres.in
1 > Connection: Keep-Alive
1 > User-Agent: Apache-HttpClient/4.5.13 (Java/18)
1 > Accept-Encoding: gzip,deflate
{"name":"morpheus","job":"leader"}

10:30:42.450 [pool-1-thread-4] DEBUG com.intuit.karate - response time in milliseconds: 607
1 < 201
1 < Date: Tue, 17 May 2022 03:30:42 GMT
1 < Content-Type: application/json; charset=utf-8
1 < Content-Length: 80
1 < Connection: keep-alive
1 < X-Powered-By: Express
1 < Access-Control-Allow-Origin: *
1 < Etag: W/"50-8h8KNM5eIScU7eXsnfSwl741qNw"
1 < Via: 1.1 vegur
1 < CF-Cache-Status: DYNAMIC
1 < Expect-CT: max-age=604800, report-uri="https://report-uri.cloudflare.com/cdn-cgi/beacon/expect-ct"
1 < Report-To: {"endpoints":[{"url":"https:\/\/a.nel.cloudflare.com\/report\/v3?s=k4Ht%2BLlcQQBx1csn4TomCjCOPuBWK71wUTa8eYJ%2BZishyxDstJlovOOagxTJ9Q2QDL9A11iq7lDkxWzfQuBcsI61e1H8gtpllOt9U1IEDhA8kV1rX%2FFZzBvooFc%3D"}],"group":"cf-nel","max_age":604800}
1 < NEL: {"success_fraction":0,"report_to":"cf-nel","max_age":604800}
1 < Server: cloudflare
1 < CF-RAY: 70c946a5cb134baa-SIN
1 < alt-svc: h3=":443"; ma=86400, h3-29=":443"; ma=86400
{"name":"Uup","job":"teacher","id":"500","createdAt":"2022-05-17T03:30:42.483Z"}
10:30:42.455 [pool-1-thread-2] DEBUG com.intuit.karate - response time in milliseconds: 613
1 < 201
1 < Date: Tue, 17 May 2022 03:30:42 GMT
1 < Content-Type: application/json; charset=utf-8
1 < Content-Length: 84
1 < Connection: keep-alive
1 < X-Powered-By: Express
1 < Access-Control-Allow-Origin: *
1 < Etag: W/"54-LqixUyvasrdDvnF59v/QBLfHaTY"
1 < Via: 1.1 vegur
1 < CF-Cache-Status: DYNAMIC
1 < Expect-CT: max-age=604800, report-uri="https://report-uri.cloudflare.com/cdn-cgi/beacon/expect-ct"
1 < Report-To: {"endpoints":[{"url":"https:\/\/a.nel.cloudflare.com\/report\/v3?s=aG%2FKngeGKS85HOQaJTCicho5gcl2yMkr6bQqtye7ajUBJ89Ib1XvitLMTnJ%2BhOjSOkdf%2B55nBvH4F4iHsoUWbHK4ZHKnABEE8oUxCkQlqXq2STrXjlI%2FnJSoFGI%3D"}],"group":"cf-nel","max_age":604800}
1 < NEL: {"success_fraction":0,"report_to":"cf-nel","max_age":604800}
1 < Server: cloudflare
1 < CF-RAY: 70c946a5db0d5627-SIN
1 < alt-svc: h3=":443"; ma=86400, h3-29=":443"; ma=86400
{"name":"morpheus","job":"leader","id":"240","createdAt":"2022-05-17T03:30:42.497Z"}
10:30:42.458 [pool-1-thread-2] INFO  com.intuit.karate - [print] {
  "name": "morpheus",
  "job": "leader",
  "id": "240",
  "createdAt": "2022-05-17T03:30:42.497Z"
}
 
10:30:42.460 [pool-1-thread-1] DEBUG com.intuit.karate - response time in milliseconds: 618
1 < 201
1 < Date: Tue, 17 May 2022 03:30:42 GMT
1 < Content-Type: application/json; charset=utf-8
1 < Content-Length: 84
1 < Connection: keep-alive
1 < X-Powered-By: Express
1 < Access-Control-Allow-Origin: *
1 < Etag: W/"54-gAgyb8ksXXDfJUnjK40bkeO7TZ8"
1 < Via: 1.1 vegur
1 < CF-Cache-Status: DYNAMIC
1 < Expect-CT: max-age=604800, report-uri="https://report-uri.cloudflare.com/cdn-cgi/beacon/expect-ct"
1 < Report-To: {"endpoints":[{"url":"https:\/\/a.nel.cloudflare.com\/report\/v3?s=6G%2F8kHb4Hg2USdS6Eb75sS9%2FFxkJCDGTgCyMII4juTM%2FiARNY5BDjZXcr6yyRHgtLCS9BxOlUTQ76V4PIJav3Dwq4QioCWBU2UfEbxnrRPMgL75tBxZmK0bS8ok%3D"}],"group":"cf-nel","max_age":604800}
1 < NEL: {"success_fraction":0,"report_to":"cf-nel","max_age":604800}
1 < Server: cloudflare
1 < CF-RAY: 70c946a5d8da460d-SIN
1 < alt-svc: h3=":443"; ma=86400, h3-29=":443"; ma=86400
{"name":"morpheus","job":"leader","id":"847","createdAt":"2022-05-17T03:30:42.488Z"}
10:30:42.464 [pool-1-thread-3] DEBUG com.intuit.karate - response time in milliseconds: 622
1 < 201
1 < Date: Tue, 17 May 2022 03:30:42 GMT
1 < Content-Type: application/json; charset=utf-8
1 < Content-Length: 80
1 < Connection: keep-alive
1 < X-Powered-By: Express
1 < Access-Control-Allow-Origin: *
1 < Etag: W/"50-QZQRuwrOBZej8z6+L45/N5lWoqc"
1 < Via: 1.1 vegur
1 < CF-Cache-Status: DYNAMIC
1 < Expect-CT: max-age=604800, report-uri="https://report-uri.cloudflare.com/cdn-cgi/beacon/expect-ct"
1 < Report-To: {"endpoints":[{"url":"https:\/\/a.nel.cloudflare.com\/report\/v3?s=cVL0dTqi6Bk2g9emhdfqx%2FCLwzOLfUBzdyuGGw%2Bbnm4GWG3MSi4MH20KXM%2Ff0iTe8hmcDRDDecypwHCz6RQQqXOhDxWSDcpq2XUxK6x%2FFJ9v%2BH32TWqzJas0fQ0%3D"}],"group":"cf-nel","max_age":604800}
1 < NEL: {"success_fraction":0,"report_to":"cf-nel","max_age":604800}
1 < Server: cloudflare
1 < CF-RAY: 70c946a5d89b9fef-SIN
1 < alt-svc: h3=":443"; ma=86400, h3-29=":443"; ma=86400
{"name":"Uup","job":"teacher","id":"130","createdAt":"2022-05-17T03:30:42.502Z"}
10:30:42.475 [pool-1-thread-3] INFO  com.intuit.karate - [print] {
  "name": "Uup",
  "job": "teacher",
  "id": "130",
  "createdAt": "2022-05-17T03:30:42.502Z"
}
 
10:30:42.481 [pool-1-thread-1] INFO  com.intuit.karate - karate.env system property was: null 
10:30:42.481 [pool-1-thread-2] INFO  com.intuit.karate - karate.env system property was: null 
10:30:42.482 [pool-1-thread-4] INFO  com.intuit.karate - karate.env system property was: null 
10:30:42.483 [pool-1-thread-3] INFO  com.intuit.karate - karate.env system property was: null 
10:30:42.484 [pool-1-thread-4] DEBUG com.intuit.karate - request:
1 > GET https://jsonplaceholder.typicode.com/users
1 > Host: jsonplaceholder.typicode.com
1 > Connection: Keep-Alive
1 > User-Agent: Apache-HttpClient/4.5.13 (Java/18)
1 > Accept-Encoding: gzip,deflate


10:30:42.487 [pool-1-thread-3] DEBUG com.intuit.karate - request:
1 > POST https://jsonplaceholder.typicode.com/users
1 > Content-Type: application/json; charset=UTF-8
1 > Content-Length: 160
1 > Host: jsonplaceholder.typicode.com
1 > Connection: Keep-Alive
1 > User-Agent: Apache-HttpClient/4.5.13 (Java/18)
1 > Accept-Encoding: gzip,deflate
{"name":"Test User","username":"testuser","email":"test@user.com","address":{"street":"Has No Name","suite":"Apt. 123","city":"Electri","zipcode":"54321-6789"}}

10:30:42.488 [pool-1-thread-2] INFO  com.intuit.karate - [print] /Users/amaliya.pristiyanto/Documents/Project/sample/karate/karate-demo 
10:30:42.490 [pool-1-thread-1] DEBUG com.intuit.karate - request:
1 > POST https://reqres.in/api/users
1 > Accept: application/json
1 > Content-Type: application/json; charset=UTF-8
1 > Content-Length: 31
1 > Host: reqres.in
1 > Connection: Keep-Alive
1 > User-Agent: Apache-HttpClient/4.5.13 (Java/18)
1 > Accept-Encoding: gzip,deflate
{"name":"Uup","job":"engineer"}

10:30:42.493 [pool-1-thread-5] DEBUG com.intuit.karate - response time in milliseconds: 651
1 < 201
1 < Date: Tue, 17 May 2022 03:30:42 GMT
1 < Content-Type: application/json; charset=utf-8
1 < Content-Length: 80
1 < Connection: keep-alive
1 < X-Powered-By: Express
1 < Access-Control-Allow-Origin: *
1 < Etag: W/"50-kPgn0PC2WoElHr5SQHgh1jdHSvk"
1 < Via: 1.1 vegur
1 < CF-Cache-Status: DYNAMIC
1 < Expect-CT: max-age=604800, report-uri="https://report-uri.cloudflare.com/cdn-cgi/beacon/expect-ct"
1 < Report-To: {"endpoints":[{"url":"https:\/\/a.nel.cloudflare.com\/report\/v3?s=x1HRuYiVCFIB7biWG9kil0SfetAnW4mstGgmYltj%2BDGCYUdkBTsYugpcc5jIuJdVg%2F8cfAGxEvbeX%2B%2BH3QlGhJPzfhzUAT4vlefIK5SFkRxalj3TwNm%2BGOpkEjQ%3D"}],"group":"cf-nel","max_age":604800}
1 < NEL: {"success_fraction":0,"report_to":"cf-nel","max_age":604800}
1 < Server: cloudflare
1 < CF-RAY: 70c946a5db41465b-SIN
1 < alt-svc: h3=":443"; ma=86400, h3-29=":443"; ma=86400
{"name":"Uup","job":"teacher","id":"115","createdAt":"2022-05-17T03:30:42.516Z"}
10:30:42.497 [pool-1-thread-2] DEBUG com.intuit.karate - request:
1 > POST https://reqres.in/api/users
1 > Accept: application/json
1 > Content-Type: text/plain; charset=UTF-8
1 > Content-Length: 116
1 > Host: reqres.in
1 > Connection: Keep-Alive
1 > User-Agent: Apache-HttpClient/4.5.13 (Java/18)
1 > Accept-Encoding: gzip,deflate
/Users/amaliya.pristiyanto/Documents/Project/sample/karate/karate-demo/src/test/java/examples/data/request-body.json

10:30:42.586 [pool-1-thread-4] DEBUG com.intuit.karate - response time in milliseconds: 100
1 < 200
1 < Date: Tue, 17 May 2022 03:30:42 GMT
1 < Content-Type: application/json; charset=utf-8
1 < Transfer-Encoding: chunked
1 < Connection: keep-alive
1 < x-powered-by: Express
1 < x-ratelimit-limit: 1000
1 < x-ratelimit-remaining: 999
1 < x-ratelimit-reset: 1639512139
1 < vary: Origin, Accept-Encoding
1 < access-control-allow-credentials: true
1 < cache-control: max-age=43200
1 < pragma: no-cache
1 < expires: -1
1 < x-content-type-options: nosniff
1 < etag: W/"160d-1eMSsxeJRfnVLRBmYJSbCiJZ1qQ"
1 < via: 1.1 vegur
1 < CF-Cache-Status: HIT
1 < Age: 7145
1 < Expect-CT: max-age=604800, report-uri="https://report-uri.cloudflare.com/cdn-cgi/beacon/expect-ct"
1 < Report-To: {"endpoints":[{"url":"https:\/\/a.nel.cloudflare.com\/report\/v3?s=xk6gHkC%2BOzpUZE7eQJHL%2Bs6EGu34cbvuJpM7G9UQePXFihRHgX6JaUt9V3fwH2dlaqkE6I1TwHA4yzpPtEanl6A3pnmeaiRmIbJPbmSwiqPxBJ3X7WTFvIMmbfcXhc%2FOnBHkotERLaFtET7d%2F38Y"}],"group":"cf-nel","max_age":604800}
1 < NEL: {"success_fraction":0,"report_to":"cf-nel","max_age":604800}
1 < Server: cloudflare
1 < CF-RAY: 70c946a8cdad87b3-SIN
1 < alt-svc: h3=":443"; ma=86400, h3-29=":443"; ma=86400
[
  {
    "id": 1,
    "name": "Leanne Graham",
    "username": "Bret",
    "email": "Sincere@april.biz",
    "address": {
      "street": "Kulas Light",
      "suite": "Apt. 556",
      "city": "Gwenborough",
      "zipcode": "92998-3874",
      "geo": {
        "lat": "-37.3159",
        "lng": "81.1496"
      }
    },
    "phone": "1-770-736-8031 x56442",
    "website": "hildegard.org",
    "company": {
      "name": "Romaguera-Crona",
      "catchPhrase": "Multi-layered client-server neural-net",
      "bs": "harness real-time e-markets"
    }
  },
  {
    "id": 2,
    "name": "Ervin Howell",
    "username": "Antonette",
    "email": "Shanna@melissa.tv",
    "address": {
      "street": "Victor Plains",
      "suite": "Suite 879",
      "city": "Wisokyburgh",
      "zipcode": "90566-7771",
      "geo": {
        "lat": "-43.9509",
        "lng": "-34.4618"
      }
    },
    "phone": "010-692-6593 x09125",
    "website": "anastasia.net",
    "company": {
      "name": "Deckow-Crist",
      "catchPhrase": "Proactive didactic contingency",
      "bs": "synergize scalable supply-chains"
    }
  },
  {
    "id": 3,
    "name": "Clementine Bauch",
    "username": "Samantha",
    "email": "Nathan@yesenia.net",
    "address": {
      "street": "Douglas Extension",
      "suite": "Suite 847",
      "city": "McKenziehaven",
      "zipcode": "59590-4157",
      "geo": {
        "lat": "-68.6102",
        "lng": "-47.0653"
      }
    },
    "phone": "1-463-123-4447",
    "website": "ramiro.info",
    "company": {
      "name": "Romaguera-Jacobson",
      "catchPhrase": "Face to face bifurcated interface",
      "bs": "e-enable strategic applications"
    }
  },
  {
    "id": 4,
    "name": "Patricia Lebsack",
    "username": "Karianne",
    "email": "Julianne.OConner@kory.org",
    "address": {
      "street": "Hoeger Mall",
      "suite": "Apt. 692",
      "city": "South Elvis",
      "zipcode": "53919-4257",
      "geo": {
        "lat": "29.4572",
        "lng": "-164.2990"
      }
    },
    "phone": "493-170-9623 x156",
    "website": "kale.biz",
    "company": {
      "name": "Robel-Corkery",
      "catchPhrase": "Multi-tiered zero tolerance productivity",
      "bs": "transition cutting-edge web services"
    }
  },
  {
    "id": 5,
    "name": "Chelsey Dietrich",
    "username": "Kamren",
    "email": "Lucio_Hettinger@annie.ca",
    "address": {
      "street": "Skiles Walks",
      "suite": "Suite 351",
      "city": "Roscoeview",
      "zipcode": "33263",
      "geo": {
        "lat": "-31.8129",
        "lng": "62.5342"
      }
    },
    "phone": "(254)954-1289",
    "website": "demarco.info",
    "company": {
      "name": "Keebler LLC",
      "catchPhrase": "User-centric fault-tolerant solution",
      "bs": "revolutionize end-to-end systems"
    }
  },
  {
    "id": 6,
    "name": "Mrs. Dennis Schulist",
    "username": "Leopoldo_Corkery",
    "email": "Karley_Dach@jasper.info",
    "address": {
      "street": "Norberto Crossing",
      "suite": "Apt. 950",
      "city": "South Christy",
      "zipcode": "23505-1337",
      "geo": {
        "lat": "-71.4197",
        "lng": "71.7478"
      }
    },
    "phone": "1-477-935-8478 x6430",
    "website": "ola.org",
    "company": {
      "name": "Considine-Lockman",
      "catchPhrase": "Synchronised bottom-line interface",
      "bs": "e-enable innovative applications"
    }
  },
  {
    "id": 7,
    "name": "Kurtis Weissnat",
    "username": "Elwyn.Skiles",
    "email": "Telly.Hoeger@billy.biz",
    "address": {
      "street": "Rex Trail",
      "suite": "Suite 280",
      "city": "Howemouth",
      "zipcode": "58804-1099",
      "geo": {
        "lat": "24.8918",
        "lng": "21.8984"
      }
    },
    "phone": "210.067.6132",
    "website": "elvis.io",
    "company": {
      "name": "Johns Group",
      "catchPhrase": "Configurable multimedia task-force",
      "bs": "generate enterprise e-tailers"
    }
  },
  {
    "id": 8,
    "name": "Nicholas Runolfsdottir V",
    "username": "Maxime_Nienow",
    "email": "Sherwood@rosamond.me",
    "address": {
      "street": "Ellsworth Summit",
      "suite": "Suite 729",
      "city": "Aliyaview",
      "zipcode": "45169",
      "geo": {
        "lat": "-14.3990",
        "lng": "-120.7677"
      }
    },
    "phone": "586.493.6943 x140",
    "website": "jacynthe.com",
    "company": {
      "name": "Abernathy Group",
      "catchPhrase": "Implemented secondary concept",
      "bs": "e-enable extensible e-tailers"
    }
  },
  {
    "id": 9,
    "name": "Glenna Reichert",
    "username": "Delphine",
    "email": "Chaim_McDermott@dana.io",
    "address": {
      "street": "Dayna Park",
      "suite": "Suite 449",
      "city": "Bartholomebury",
      "zipcode": "76495-3109",
      "geo": {
        "lat": "24.6463",
        "lng": "-168.8889"
      }
    },
    "phone": "(775)976-6794 x41206",
    "website": "conrad.com",
    "company": {
      "name": "Yost and Sons",
      "catchPhrase": "Switchable contextually-based project",
      "bs": "aggregate real-time technologies"
    }
  },
  {
    "id": 10,
    "name": "Clementina DuBuque",
    "username": "Moriah.Stanton",
    "email": "Rey.Padberg@karina.biz",
    "address": {
      "street": "Kattie Turnpike",
      "suite": "Suite 198",
      "city": "Lebsackbury",
      "zipcode": "31428-2261",
      "geo": {
        "lat": "-38.2386",
        "lng": "57.2232"
      }
    },
    "phone": "024-648-3804",
    "website": "ambrose.net",
    "company": {
      "name": "Hoeger LLC",
      "catchPhrase": "Centralized empowering task-force",
      "bs": "target end-to-end models"
    }
  }
]
10:30:42.598 [pool-1-thread-4] DEBUG com.intuit.karate - request:
2 > GET https://jsonplaceholder.typicode.com/users/1
2 > Host: jsonplaceholder.typicode.com
2 > Connection: Keep-Alive
2 > User-Agent: Apache-HttpClient/4.5.13 (Java/18)
2 > Accept-Encoding: gzip,deflate


10:30:42.699 [pool-1-thread-4] DEBUG com.intuit.karate - response time in milliseconds: 101
2 < 200
2 < Date: Tue, 17 May 2022 03:30:42 GMT
2 < Content-Type: application/json; charset=utf-8
2 < Transfer-Encoding: chunked
2 < Connection: keep-alive
2 < X-Powered-By: Express
2 < X-Ratelimit-Limit: 1000
2 < X-Ratelimit-Remaining: 999
2 < X-Ratelimit-Reset: 1652437599
2 < Vary: Origin, Accept-Encoding
2 < Access-Control-Allow-Credentials: true
2 < Cache-Control: max-age=43200
2 < Pragma: no-cache
2 < Expires: -1
2 < X-Content-Type-Options: nosniff
2 < Etag: W/"1fd-+2Y3G3w049iSZtw5t1mzSnunngE"
2 < Via: 1.1 vegur
2 < CF-Cache-Status: HIT
2 < Age: 27257
2 < Expect-CT: max-age=604800, report-uri="https://report-uri.cloudflare.com/cdn-cgi/beacon/expect-ct"
2 < Report-To: {"endpoints":[{"url":"https:\/\/a.nel.cloudflare.com\/report\/v3?s=8hxXlOoWd2XUUj3cwEVWmCm1B6lPAKa76PanXn0exBiXbMC%2F4m3kQh6t7NLwpYmjdbEWfBYyPoOHGF1qOAsuv9P2ROmmKN1E11PB19fyvY90pWAWw36MwO5e295FMbOVMDxMqU%2B8TWBnAzmMQtvr"}],"group":"cf-nel","max_age":604800}
2 < NEL: {"success_fraction":0,"report_to":"cf-nel","max_age":604800}
2 < Server: cloudflare
2 < CF-RAY: 70c946a98b0a4840-SIN
2 < alt-svc: h3=":443"; ma=86400, h3-29=":443"; ma=86400
{
  "id": 1,
  "name": "Leanne Graham",
  "username": "Bret",
  "email": "Sincere@april.biz",
  "address": {
    "street": "Kulas Light",
    "suite": "Apt. 556",
    "city": "Gwenborough",
    "zipcode": "92998-3874",
    "geo": {
      "lat": "-37.3159",
      "lng": "81.1496"
    }
  },
  "phone": "1-770-736-8031 x56442",
  "website": "hildegard.org",
  "company": {
    "name": "Romaguera-Crona",
    "catchPhrase": "Multi-layered client-server neural-net",
    "bs": "harness real-time e-markets"
  }
}
10:30:42.926 [pool-1-thread-1] DEBUG com.intuit.karate - response time in milliseconds: 436
1 < 201
1 < Date: Tue, 17 May 2022 03:30:43 GMT
1 < Content-Type: application/json; charset=utf-8
1 < Content-Length: 81
1 < Connection: keep-alive
1 < X-Powered-By: Express
1 < Access-Control-Allow-Origin: *
1 < Etag: W/"51-Zagj/o9QBZBvW/rVOmAhDMZnjcE"
1 < Via: 1.1 vegur
1 < CF-Cache-Status: DYNAMIC
1 < Expect-CT: max-age=604800, report-uri="https://report-uri.cloudflare.com/cdn-cgi/beacon/expect-ct"
1 < Report-To: {"endpoints":[{"url":"https:\/\/a.nel.cloudflare.com\/report\/v3?s=FepsrRI1o4NbO1rcE8xR6CBQPuzZdDnH5N%2FvmQYIxWeh5DBDn%2FwkXRPXUBLHhMZZN2J7h1gwnixcQd%2BuS88DJ%2BHOu9%2F68mgjU2awBOtLo%2B0X0HEA%2FRyYI2elOHQ%3D"}],"group":"cf-nel","max_age":604800}
1 < NEL: {"success_fraction":0,"report_to":"cf-nel","max_age":604800}
1 < Server: cloudflare
1 < CF-RAY: 70c946a8bee48959-SIN
1 < alt-svc: h3=":443"; ma=86400, h3-29=":443"; ma=86400
{"name":"Uup","job":"engineer","id":"589","createdAt":"2022-05-17T03:30:42.954Z"}
10:30:42.955 [pool-1-thread-2] DEBUG com.intuit.karate - response time in milliseconds: 457
1 < 201
1 < Date: Tue, 17 May 2022 03:30:43 GMT
1 < Content-Type: application/json; charset=utf-8
1 < Content-Length: 51
1 < Connection: keep-alive
1 < X-Powered-By: Express
1 < Access-Control-Allow-Origin: *
1 < Etag: W/"33-IbMpvUuN2h0f3bl1z2EtluxJu/0"
1 < Via: 1.1 vegur
1 < CF-Cache-Status: DYNAMIC
1 < Expect-CT: max-age=604800, report-uri="https://report-uri.cloudflare.com/cdn-cgi/beacon/expect-ct"
1 < Report-To: {"endpoints":[{"url":"https:\/\/a.nel.cloudflare.com\/report\/v3?s=pktDM6DXPC3hcdsmiSawZhX3P4PQHB05jznIIB3AYMJ3pq1L7iJkivq4qwEpG6cTXLmkJvzXP%2FOiGYxehscaahtD%2Bx%2BuN4%2FacIZPtytKScFX18hZ%2BAvB7LGw5Yc%3D"}],"group":"cf-nel","max_age":604800}
1 < NEL: {"success_fraction":0,"report_to":"cf-nel","max_age":604800}
1 < Server: cloudflare
1 < CF-RAY: 70c946a8d8fb6c5d-SIN
1 < alt-svc: h3=":443"; ma=86400, h3-29=":443"; ma=86400
{"id":"368","createdAt":"2022-05-17T03:30:42.989Z"}
10:30:42.958 [pool-1-thread-2] ERROR com.intuit.karate - classpath:examples/users/post.feature:54
And match response == expectedResponse
match failed: EQUALS
  $ | not equal | actual does not contain key - 'name' (MAP:MAP)
  {"id":"368","createdAt":"2022-05-17T03:30:42.989Z"}
  {"id":"#string","createdAt":"#ignore","name":"Uup","job":"teacher"}


classpath:examples/users/post.feature:54
10:30:43.036 [pool-1-thread-3] DEBUG com.intuit.karate - response time in milliseconds: 549
1 < 201
1 < Date: Tue, 17 May 2022 03:30:43 GMT
1 < Content-Type: application/json; charset=utf-8
1 < Content-Length: 216
1 < Connection: keep-alive
1 < X-Powered-By: Express
1 < X-Ratelimit-Limit: 1000
1 < X-Ratelimit-Remaining: 999
1 < X-Ratelimit-Reset: 1652758247
1 < Vary: Origin, X-HTTP-Method-Override, Accept-Encoding
1 < Access-Control-Allow-Credentials: true
1 < Cache-Control: no-cache
1 < Pragma: no-cache
1 < Expires: -1
1 < Access-Control-Expose-Headers: Location
1 < Location: http://jsonplaceholder.typicode.com/users/11
1 < X-Content-Type-Options: nosniff
1 < Etag: W/"d8-pYV7+YuMGP2hxHPU9ARrf97ifDA"
1 < Via: 1.1 vegur
1 < CF-Cache-Status: DYNAMIC
1 < Expect-CT: max-age=604800, report-uri="https://report-uri.cloudflare.com/cdn-cgi/beacon/expect-ct"
1 < Report-To: {"endpoints":[{"url":"https:\/\/a.nel.cloudflare.com\/report\/v3?s=b4Iv%2BZ1IbmYjG8O73lcrU7u13fBnlcVsVQ%2F3LankRrAADJK6EmwqrnHWgqBbkniBJw%2F18fImfn2EFHTxRKjL1XX%2BCXPHBHyHT9W0I1TLPsIakGgA2%2BJKn2%2BppmkcCc1kC1qL9N0yeRX5WkZdRnni"}],"group":"cf-nel","max_age":604800}
1 < NEL: {"success_fraction":0,"report_to":"cf-nel","max_age":604800}
1 < Server: cloudflare
1 < CF-RAY: 70c946a8cc156bdc-SIN
1 < alt-svc: h3=":443"; ma=86400, h3-29=":443"; ma=86400
{
  "name": "Test User",
  "username": "testuser",
  "email": "test@user.com",
  "address": {
    "street": "Has No Name",
    "suite": "Apt. 123",
    "city": "Electri",
    "zipcode": "54321-6789"
  },
  "id": 11
}
10:30:43.042 [pool-1-thread-3] INFO  com.intuit.karate - [print] created id is:  11 
---------------------------------------------------------
feature: classpath:examples/users/post.feature
scenarios:  7 | passed:  6 | failed:  1 | time: 5.3281
---------------------------------------------------------

10:30:43.542 [pool-2-thread-1] INFO  com.intuit.karate.Suite - <<fail>> feature 1 of 2 (1 remaining) classpath:examples/users/post.feature
---------------------------------------------------------
feature: classpath:examples/users/users.feature
scenarios:  2 | passed:  2 | failed:  0 | time: 0.7752
---------------------------------------------------------

10:30:43.602 [pool-2-thread-1] INFO  com.intuit.karate.Suite - <<pass>> feature 2 of 2 (0 remaining) classpath:examples/users/users.feature
Karate version: 1.1.0
======================================================
elapsed:   3.10 | threads:    5 | thread time: 6.10 
features:     2 | skipped:    0 | efficiency: 0.39
scenarios:    9 | passed:     8 | failed: 1
======================================================
>>> failed features:
match failed: EQUALS
  $ | not equal | actual does not contain key - 'name' (MAP:MAP)
  {"id":"368","createdAt":"2022-05-17T03:30:42.989Z"}
  {"id":"#string","createdAt":"#ignore","name":"Uup","job":"teacher"}


classpath:examples/users/post.feature:54
<<<

HTML report: (paste into browser to view) | Karate version: 1.1.0
file:///Users/amaliya.pristiyanto/Documents/Project/sample/karate/karate-demo/target/karate-reports/karate-summary.html
===================================================================

]]></system-out>
  </testcase>
</testsuite>